<?xml version="1.0" encoding="UTF-8"?>
<!-- Generated by org.testng.reporters.JUnitReportReporter -->
<testsuite hostname="LMYPF1HJKSM" failures="0" tests="9" name="TestNGPkg.TestNGPractice1" time="4.410" errors="0" timestamp="2021-08-08T18:44:36 SGT" skipped="0">
  <testcase classname="TestNGPkg.TestNGPractice1" name="openURL" time="2.675"/>
  <system-out/>
  <testcase classname="TestNGPkg.TestNGPractice1" name="keyInFirstName" time="0.169"/>
  <system-out/>
  <testcase classname="TestNGPkg.TestNGPractice1" name="keyInLastName" time="0.116"/>
  <system-out/>
  <testcase classname="TestNGPkg.TestNGPractice1" name="keyInEmail" time="0.149"/>
  <system-out/>
  <testcase classname="TestNGPkg.TestNGPractice1" name="keyInPhno" time="0.156"/>
  <system-out/>
  <testcase classname="TestNGPkg.TestNGPractice1" name="keyInPwd" time="0.144"/>
  <system-out/>
  <testcase classname="TestNGPkg.TestNGPractice1" name="keyInConfirmPwd" time="0.135"/>
  <system-out/>
  <testcase classname="TestNGPkg.TestNGPractice1" name="policy" time="0.143"/>
  <system-out/>
  <testcase classname="TestNGPkg.TestNGPractice1" name="submit" time="0.723"/>
  <system-out/>
</testsuite> <!-- TestNGPkg.TestNGPractice1 -->
