<?xml version="1.0" encoding="UTF-8"?>
<!-- Generated by org.testng.reporters.JUnitReportReporter -->
<testsuite hostname="LMYPF1HJKSM" failures="0" tests="9" name="TestNGPkg.TestNGPractice1" time="3.486" errors="0" timestamp="2021-08-08T18:21:08 SGT" skipped="0">
  <testcase classname="TestNGPkg.TestNGPractice1" name="openURL" time="2.389"/>
  <system-out/>
  <testcase classname="TestNGPkg.TestNGPractice1" name="keyInFirstName" time="0.102"/>
  <system-out/>
  <testcase classname="TestNGPkg.TestNGPractice1" name="keyInLastName" time="0.100"/>
  <system-out/>
  <testcase classname="TestNGPkg.TestNGPractice1" name="keyInEmail" time="0.111"/>
  <system-out/>
  <testcase classname="TestNGPkg.TestNGPractice1" name="keyInPhno" time="0.099"/>
  <system-out/>
  <testcase classname="TestNGPkg.TestNGPractice1" name="keyInPwd" time="0.093"/>
  <system-out/>
  <testcase classname="TestNGPkg.TestNGPractice1" name="keyInConfirmPwd" time="0.075"/>
  <system-out/>
  <testcase classname="TestNGPkg.TestNGPractice1" name="policy" time="0.065"/>
  <system-out/>
  <testcase classname="TestNGPkg.TestNGPractice1" name="submit" time="0.452"/>
  <system-out/>
</testsuite> <!-- TestNGPkg.TestNGPractice1 -->
